<?xml version="1.0" encoding="UTF-8"?>
<!-- Generated by org.testng.reporters.JUnitReportReporter -->
<testsuite hostname="GLB-147-PC" failures="0" tests="1" name="Calender" time="37.971" errors="0" timestamp="24 Apr 2018 12:12:18 GMT" skipped="0">
  <testcase classname="Calender" name="calender" time="37.971"/>
</testsuite> <!-- Calender -->
