<?xml version="1.0" encoding="UTF-8"?>
<!-- Generated by org.testng.reporters.JUnitReportReporter -->
<testsuite hostname="GLB-147-PC" failures="0" tests="1" name="FlightBookingTest" time="102.191" errors="0" timestamp="24 Apr 2018 04:47:26 GMT" skipped="0">
  <testcase classname="FlightBookingTest" name="testThatResultsAppearForAOneWayJourney" time="102.191"/>
</testsuite> <!-- FlightBookingTest -->
