<?xml version="1.0" encoding="UTF-8"?>
<!-- Generated by org.testng.reporters.JUnitReportReporter -->
<testsuite hostname="GLB-147-PC" failures="0" tests="1" name="SignInTest" time="18.912" errors="0" timestamp="23 Apr 2018 11:09:32 GMT" skipped="0">
  <testcase classname="SignInTest" name="shouldThrowAnErrorIfSignInDetailsAreMissing" time="18.912"/>
</testsuite> <!-- SignInTest -->
